[0.000000] (-) TimerEvent: {}
[0.000194] (controller) JobQueued: {'identifier': 'controller', 'dependencies': OrderedDict()}
[0.000263] (controller) JobStarted: {'identifier': 'controller'}
[0.031022] (controller) JobProgress: {'identifier': 'controller', 'progress': 'cmake'}
[0.031059] (controller) JobProgress: {'identifier': 'controller', 'progress': 'build'}
[0.031071] (controller) Command: {'cmd': ['/usr/bin/cmake', '--build', '/home/raurus/Documents/Magang_Banyu/ros2/build/controller', '--', '-j4', '-l4'], 'cwd': '/home/raurus/Documents/Magang_Banyu/ros2/build/controller', 'env': OrderedDict([('LESSOPEN', '| /usr/bin/lesspipe %s'), ('USER', 'raurus'), ('XDG_SESSION_TYPE', 'wayland'), ('SHLVL', '1'), ('LD_LIBRARY_PATH', '/opt/ros/humble/opt/rviz_ogre_vendor/lib:/opt/ros/humble/lib/aarch64-linux-gnu:/opt/ros/humble/lib'), ('HOME', '/home/raurus'), ('OLDPWD', '/home/raurus/Documents/Magang_Banyu/ros2/src/controller'), ('DESKTOP_SESSION', 'ubuntu'), ('ROS_PYTHON_VERSION', '3'), ('GNOME_SHELL_SESSION_MODE', 'ubuntu'), ('GTK_MODULES', 'gail:atk-bridge'), ('SYSTEMD_EXEC_PID', '1907'), ('DBUS_SESSION_BUS_ADDRESS', 'unix:path=/run/user/1000/bus'), ('COLORTERM', 'truecolor'), ('IM_CONFIG_PHASE', '1'), ('WAYLAND_DISPLAY', 'wayland-0'), ('COLCON_PREFIX_PATH', '/home/raurus/Documents/ros2/install'), ('ROS_DISTRO', 'humble'), ('LOGNAME', 'raurus'), ('_', '/usr/bin/colcon'), ('ROS_VERSION', '2'), ('XDG_SESSION_CLASS', 'user'), ('USERNAME', 'raurus'), ('TERM', 'xterm-256color'), ('GNOME_DESKTOP_SESSION_ID', 'this-is-deprecated'), ('ROS_LOCALHOST_ONLY', '0'), ('PATH', '/opt/ros/humble/bin:/usr/local/sbin:/usr/local/bin:/usr/sbin:/usr/bin:/sbin:/bin:/usr/games:/usr/local/games:/snap/bin:/snap/bin'), ('SESSION_MANAGER', 'local/raurus-ubuntu:@/tmp/.ICE-unix/1875,unix/raurus-ubuntu:/tmp/.ICE-unix/1875'), ('XDG_MENU_PREFIX', 'gnome-'), ('GNOME_TERMINAL_SCREEN', '/org/gnome/Terminal/screen/00bea81c_bf5c_41b2_b5e1_8cec83ed1dd9'), ('GNOME_SETUP_DISPLAY', ':1'), ('XDG_RUNTIME_DIR', '/run/user/1000'), ('DISPLAY', ':0'), ('LANG', 'en_US.UTF-8'), ('XDG_CURRENT_DESKTOP', 'ubuntu:GNOME'), ('XMODIFIERS', '@im=ibus'), ('XDG_SESSION_DESKTOP', 'ubuntu'), ('XAUTHORITY', '/run/user/1000/.mutter-Xwaylandauth.5U8DI2'), ('LS_COLORS', 'rs=0:di=01;34:ln=01;36:mh=00:pi=40;33:so=01;35:do=01;35:bd=40;33;01:cd=40;33;01:or=40;31;01:mi=00:su=37;41:sg=30;43:ca=30;41:tw=30;42:ow=34;42:st=37;44:ex=01;32:*.tar=01;31:*.tgz=01;31:*.arc=01;31:*.arj=01;31:*.taz=01;31:*.lha=01;31:*.lz4=01;31:*.lzh=01;31:*.lzma=01;31:*.tlz=01;31:*.txz=01;31:*.tzo=01;31:*.t7z=01;31:*.zip=01;31:*.z=01;31:*.dz=01;31:*.gz=01;31:*.lrz=01;31:*.lz=01;31:*.lzo=01;31:*.xz=01;31:*.zst=01;31:*.tzst=01;31:*.bz2=01;31:*.bz=01;31:*.tbz=01;31:*.tbz2=01;31:*.tz=01;31:*.deb=01;31:*.rpm=01;31:*.jar=01;31:*.war=01;31:*.ear=01;31:*.sar=01;31:*.rar=01;31:*.alz=01;31:*.ace=01;31:*.zoo=01;31:*.cpio=01;31:*.7z=01;31:*.rz=01;31:*.cab=01;31:*.wim=01;31:*.swm=01;31:*.dwm=01;31:*.esd=01;31:*.jpg=01;35:*.jpeg=01;35:*.mjpg=01;35:*.mjpeg=01;35:*.gif=01;35:*.bmp=01;35:*.pbm=01;35:*.pgm=01;35:*.ppm=01;35:*.tga=01;35:*.xbm=01;35:*.xpm=01;35:*.tif=01;35:*.tiff=01;35:*.png=01;35:*.svg=01;35:*.svgz=01;35:*.mng=01;35:*.pcx=01;35:*.mov=01;35:*.mpg=01;35:*.mpeg=01;35:*.m2v=01;35:*.mkv=01;35:*.webm=01;35:*.webp=01;35:*.ogm=01;35:*.mp4=01;35:*.m4v=01;35:*.mp4v=01;35:*.vob=01;35:*.qt=01;35:*.nuv=01;35:*.wmv=01;35:*.asf=01;35:*.rm=01;35:*.rmvb=01;35:*.flc=01;35:*.avi=01;35:*.fli=01;35:*.flv=01;35:*.gl=01;35:*.dl=01;35:*.xcf=01;35:*.xwd=01;35:*.yuv=01;35:*.cgm=01;35:*.emf=01;35:*.ogv=01;35:*.ogx=01;35:*.aac=00;36:*.au=00;36:*.flac=00;36:*.m4a=00;36:*.mid=00;36:*.midi=00;36:*.mka=00;36:*.mp3=00;36:*.mpc=00;36:*.ogg=00;36:*.ra=00;36:*.wav=00;36:*.oga=00;36:*.opus=00;36:*.spx=00;36:*.xspf=00;36:'), ('GNOME_TERMINAL_SERVICE', ':1.152'), ('SSH_AGENT_LAUNCHER', 'gnome-keyring'), ('SSH_AUTH_SOCK', '/run/user/1000/keyring/ssh'), ('AMENT_PREFIX_PATH', '/home/raurus/Documents/ros2/install/cpp_pubsub:/opt/ros/humble'), ('SHELL', '/bin/bash'), ('QT_ACCESSIBILITY', '1'), ('GDMSESSION', 'ubuntu'), ('LESSCLOSE', '/usr/bin/lesspipe %s %s'), ('QT_IM_MODULE', 'ibus'), ('PWD', '/home/raurus/Documents/Magang_Banyu/ros2/build/controller'), ('LC_ALL', 'en_US.UTF-8'), ('XDG_CONFIG_DIRS', '/etc/xdg/xdg-ubuntu:/etc/xdg'), ('XDG_DATA_DIRS', '/usr/share/ubuntu:/usr/local/share/:/usr/share/:/var/lib/snapd/desktop'), ('PYTHONPATH', '/opt/ros/humble/lib/python3.10/site-packages:/opt/ros/humble/local/lib/python3.10/dist-packages'), ('COLCON', '1'), ('VTE_VERSION', '6800'), ('CMAKE_PREFIX_PATH', '/home/raurus/Documents/ros2/install/cpp_pubsub:/opt/ros/humble')]), 'shell': False}
[0.057316] (controller) StdoutLine: {'line': b'-- Found ament_cmake: 1.3.7 (/opt/ros/humble/share/ament_cmake/cmake)\n'}
[0.099414] (-) TimerEvent: {}
[0.144134] (controller) StdoutLine: {'line': b'-- Found ament_lint_auto: 0.12.10 (/opt/ros/humble/share/ament_lint_auto/cmake)\n'}
[0.180280] (controller) StdoutLine: {'line': b'-- Found rclcpp: 16.0.8 (/opt/ros/humble/share/rclcpp/cmake)\n'}
[0.199500] (-) TimerEvent: {}
[0.200551] (controller) StdoutLine: {'line': b'-- Found rosidl_generator_c: 3.1.5 (/opt/ros/humble/share/rosidl_generator_c/cmake)\n'}
[0.202252] (controller) StdoutLine: {'line': b'-- Found rosidl_adapter: 3.1.5 (/opt/ros/humble/share/rosidl_adapter/cmake)\n'}
[0.206422] (controller) StdoutLine: {'line': b'-- Found rosidl_generator_cpp: 3.1.5 (/opt/ros/humble/share/rosidl_generator_cpp/cmake)\n'}
[0.214072] (controller) StdoutLine: {'line': b'-- Using all available rosidl_typesupport_c: rosidl_typesupport_fastrtps_c;rosidl_typesupport_introspection_c\n'}
[0.224429] (controller) StdoutLine: {'line': b'-- Using all available rosidl_typesupport_cpp: rosidl_typesupport_fastrtps_cpp;rosidl_typesupport_introspection_cpp\n'}
[0.265340] (controller) StdoutLine: {'line': b'-- Found rmw_implementation_cmake: 6.1.1 (/opt/ros/humble/share/rmw_implementation_cmake/cmake)\n'}
[0.266168] (controller) StdoutLine: {'line': b'-- Found rmw_fastrtps_cpp: 6.2.6 (/opt/ros/humble/share/rmw_fastrtps_cpp/cmake)\n'}
[0.299887] (-) TimerEvent: {}
[0.345640] (controller) StdoutLine: {'line': b"-- Using RMW implementation 'rmw_fastrtps_cpp' as default\n"}
[0.400654] (-) TimerEvent: {}
[0.464763] (controller) StdoutLine: {'line': b'-- Found rosidl_default_generators: 1.2.0 (/opt/ros/humble/share/rosidl_default_generators/cmake)\n'}
[0.469019] (controller) StdoutLine: {'line': b'-- Found sensor_msgs: 4.2.3 (/opt/ros/humble/share/sensor_msgs/cmake)\n'}
[0.501975] (-) TimerEvent: {}
[0.602229] (-) TimerEvent: {}
[0.672045] (controller) StdoutLine: {'line': b'-- Found ament_cmake_ros: 0.10.0 (/opt/ros/humble/share/ament_cmake_ros/cmake)\n'}
[0.702374] (-) TimerEvent: {}
[0.802606] (-) TimerEvent: {}
[0.849868] (controller) StdoutLine: {'line': b'-- Using all available rosidl_typesupport_c: rosidl_typesupport_fastrtps_c;rosidl_typesupport_introspection_c\n'}
[0.902740] (-) TimerEvent: {}
[0.918472] (controller) StdoutLine: {'line': b'-- Using all available rosidl_typesupport_cpp: rosidl_typesupport_fastrtps_cpp;rosidl_typesupport_introspection_cpp\n'}
[0.932266] (controller) StdoutLine: {'line': b'-- Found python_cmake_module: 0.10.0 (/opt/ros/humble/share/python_cmake_module/cmake)\n'}
[0.945765] (controller) StdoutLine: {'line': b'-- Using PYTHON_EXECUTABLE: /usr/bin/python3\n'}
[0.945936] (controller) StdoutLine: {'line': b'-- Using PYTHON_INCLUDE_DIRS: /usr/include/python3.10\n'}
[0.945997] (controller) StdoutLine: {'line': b'-- Using PYTHON_LIBRARIES: /usr/lib/aarch64-linux-gnu/libpython3.10.so\n'}
[0.955303] (controller) StdoutLine: {'line': b"-- Added test 'cppcheck' to perform static code analysis on C / C++ code\n"}
[0.955698] (controller) StdoutLine: {'line': b'-- Configured cppcheck include dirs: \n'}
[0.955768] (controller) StdoutLine: {'line': b'-- Configured cppcheck exclude dirs and/or files: \n'}
[0.956007] (controller) StdoutLine: {'line': b"-- Added test 'lint_cmake' to check CMake code style\n"}
[0.956461] (controller) StdoutLine: {'line': b"-- Added test 'uncrustify' to check C / C++ code style\n"}
[0.956539] (controller) StdoutLine: {'line': b'-- Configured uncrustify additional arguments: \n'}
[0.956661] (controller) StdoutLine: {'line': b"-- Added test 'xmllint' to check XML markup files\n"}
[0.959208] (controller) StdoutLine: {'line': b'-- Configuring done\n'}
[0.985195] (controller) StdoutLine: {'line': b'-- Generating done\n'}
[0.989364] (controller) StdoutLine: {'line': b'-- Build files have been written to: /home/raurus/Documents/Magang_Banyu/ros2/build/controller\n'}
[1.002854] (-) TimerEvent: {}
[1.009342] (controller) StdoutLine: {'line': b'\x1b[35m\x1b[1mConsolidate compiler generated dependencies of target controller__rosidl_generator_c\x1b[0m\n'}
[1.017186] (controller) StdoutLine: {'line': b'[  3%] Built target controller__cpp\n'}
[1.018008] (controller) StdoutLine: {'line': b'[ 12%] Built target controller__rosidl_generator_c\n'}
[1.023605] (controller) StdoutLine: {'line': b'[ 12%] Built target ament_cmake_python_copy_controller\n'}
[1.025913] (controller) StdoutLine: {'line': b'\x1b[35m\x1b[1mConsolidate compiler generated dependencies of target controller__rosidl_typesupport_fastrtps_cpp\x1b[0m\n'}
[1.028636] (controller) StdoutLine: {'line': b'\x1b[35m\x1b[1mConsolidate compiler generated dependencies of target controller__rosidl_typesupport_introspection_cpp\x1b[0m\n'}
[1.030102] (controller) StdoutLine: {'line': b'\x1b[35m\x1b[1mConsolidate compiler generated dependencies of target controller__rosidl_typesupport_cpp\x1b[0m\n'}
[1.039109] (controller) StdoutLine: {'line': b'\x1b[35m\x1b[1mConsolidate compiler generated dependencies of target controller__rosidl_typesupport_fastrtps_c\x1b[0m\n'}
[1.039329] (controller) StdoutLine: {'line': b'[ 21%] Built target controller__rosidl_typesupport_introspection_cpp\n'}
[1.042825] (controller) StdoutLine: {'line': b'[ 30%] Built target controller__rosidl_typesupport_fastrtps_cpp\n'}
[1.048924] (controller) StdoutLine: {'line': b'[ 39%] Built target controller__rosidl_typesupport_cpp\n'}
[1.051965] (controller) StdoutLine: {'line': b'\x1b[35m\x1b[1mConsolidate compiler generated dependencies of target controller__rosidl_typesupport_introspection_c\x1b[0m\n'}
[1.055933] (controller) StdoutLine: {'line': b'[ 48%] Built target controller__rosidl_typesupport_fastrtps_c\n'}
[1.062540] (controller) StdoutLine: {'line': b'\x1b[35m\x1b[1mConsolidate compiler generated dependencies of target controller__rosidl_typesupport_c\x1b[0m\n'}
[1.069351] (controller) StdoutLine: {'line': b'[ 57%] Built target controller__rosidl_typesupport_introspection_c\n'}
[1.087597] (controller) StdoutLine: {'line': b'[ 66%] Built target controller__rosidl_typesupport_c\n'}
[1.095714] (controller) StdoutLine: {'line': b'[ 69%] \x1b[32mBuilding CXX object CMakeFiles/pub_controller.dir/src/publisher_controller_function.cpp.o\x1b[0m\n'}
[1.102952] (-) TimerEvent: {}
[1.141281] (controller) StdoutLine: {'line': b'[ 69%] Built target controller\n'}
[1.158574] (controller) StdoutLine: {'line': b'[ 72%] \x1b[34m\x1b[1mGenerating Python code for ROS interfaces\x1b[0m\n'}
[1.203106] (-) TimerEvent: {}
[1.207408] (controller) StdoutLine: {'line': b'running egg_info\n'}
[1.207733] (controller) StdoutLine: {'line': b'writing controller.egg-info/PKG-INFO\n'}
[1.207898] (controller) StdoutLine: {'line': b'writing dependency_links to controller.egg-info/dependency_links.txt\n'}
[1.208089] (controller) StdoutLine: {'line': b'writing top-level names to controller.egg-info/top_level.txt\n'}
[1.209267] (controller) StdoutLine: {'line': b"reading manifest file 'controller.egg-info/SOURCES.txt'\n"}
[1.209506] (controller) StdoutLine: {'line': b"writing manifest file 'controller.egg-info/SOURCES.txt'\n"}
[1.228053] (controller) StdoutLine: {'line': b'[ 72%] Built target ament_cmake_python_build_controller_egg\n'}
[1.267983] (controller) StderrLine: {'line': b'\x1b[01m\x1b[K/home/raurus/Documents/Magang_Banyu/ros2/src/controller/src/publisher_controller_function.cpp:6:10:\x1b[m\x1b[K \x1b[01;31m\x1b[Kfatal error: \x1b[m\x1b[Kcontroller/msg/Motion.hpp: No such file or directory\n'}
[1.268193] (controller) StderrLine: {'line': b'    6 | #include \x1b[01;31m\x1b[K"controller/msg/Motion.hpp"\x1b[m\x1b[K\n'}
[1.268234] (controller) StderrLine: {'line': b'      |          \x1b[01;31m\x1b[K^~~~~~~~~~~~~~~~~~~~~~~~~~~\x1b[m\x1b[K\n'}
[1.268269] (controller) StderrLine: {'line': b'compilation terminated.\n'}
[1.269611] (controller) StderrLine: {'line': b'gmake[2]: *** [CMakeFiles/pub_controller.dir/build.make:76: CMakeFiles/pub_controller.dir/src/publisher_controller_function.cpp.o] Error 1\n'}
[1.269809] (controller) StderrLine: {'line': b'gmake[1]: *** [CMakeFiles/Makefile2:593: CMakeFiles/pub_controller.dir/all] Error 2\n'}
[1.269872] (controller) StderrLine: {'line': b'gmake[1]: *** Waiting for unfinished jobs....\n'}
[1.303906] (-) TimerEvent: {}
[1.349163] (controller) StdoutLine: {'line': b'[ 72%] Built target controller__py\n'}
[1.350225] (controller) StderrLine: {'line': b'gmake: *** [Makefile:146: all] Error 2\n'}
[1.351881] (controller) CommandEnded: {'returncode': 2}
[1.404028] (-) TimerEvent: {}
[1.426645] (controller) JobEnded: {'identifier': 'controller', 'rc': 2}
[1.436811] (-) EventReactorShutdown: {}
