[0.048s] Invoking command in '/home/raurus/Documents/Magang_Banyu/ros2/build/controller': CMAKE_PREFIX_PATH=${CMAKE_PREFIX_PATH}:/opt/ros/humble /usr/bin/cmake /home/raurus/Documents/Magang_Banyu/ros2/src/controller -DCMAKE_INSTALL_PREFIX=/home/raurus/Documents/Magang_Banyu/ros2/install/controller
[0.059s] -- Found ament_cmake: 1.3.7 (/opt/ros/humble/share/ament_cmake/cmake)
[0.160s] -- Found ament_lint_auto: 0.12.10 (/opt/ros/humble/share/ament_lint_auto/cmake)
[0.195s] -- Found rclcpp: 16.0.8 (/opt/ros/humble/share/rclcpp/cmake)
[0.220s] -- Found rosidl_generator_c: 3.1.5 (/opt/ros/humble/share/rosidl_generator_c/cmake)
[0.222s] -- Found rosidl_adapter: 3.1.5 (/opt/ros/humble/share/rosidl_adapter/cmake)
[0.228s] -- Found rosidl_generator_cpp: 3.1.5 (/opt/ros/humble/share/rosidl_generator_cpp/cmake)
[0.238s] -- Using all available rosidl_typesupport_c: rosidl_typesupport_fastrtps_c;rosidl_typesupport_introspection_c
[0.251s] -- Using all available rosidl_typesupport_cpp: rosidl_typesupport_fastrtps_cpp;rosidl_typesupport_introspection_cpp
[0.302s] -- Found rmw_implementation_cmake: 6.1.1 (/opt/ros/humble/share/rmw_implementation_cmake/cmake)
[0.303s] -- Found rmw_fastrtps_cpp: 6.2.6 (/opt/ros/humble/share/rmw_fastrtps_cpp/cmake)
[0.388s] -- Using RMW implementation 'rmw_fastrtps_cpp' as default
[0.522s] -- Found rosidl_default_generators: 1.2.0 (/opt/ros/humble/share/rosidl_default_generators/cmake)
[0.527s] -- Found sensor_msgs: 4.2.3 (/opt/ros/humble/share/sensor_msgs/cmake)
[0.729s] -- Found ament_cmake_ros: 0.10.0 (/opt/ros/humble/share/ament_cmake_ros/cmake)
[0.949s] -- Using all available rosidl_typesupport_c: rosidl_typesupport_fastrtps_c;rosidl_typesupport_introspection_c
[1.016s] -- Using all available rosidl_typesupport_cpp: rosidl_typesupport_fastrtps_cpp;rosidl_typesupport_introspection_cpp
[1.029s] -- Found python_cmake_module: 0.10.0 (/opt/ros/humble/share/python_cmake_module/cmake)
[1.043s] -- Using PYTHON_EXECUTABLE: /usr/bin/python3
[1.043s] -- Using PYTHON_INCLUDE_DIRS: /usr/include/python3.10
[1.043s] -- Using PYTHON_LIBRARIES: /usr/lib/aarch64-linux-gnu/libpython3.10.so
[1.054s] -- Added test 'cppcheck' to perform static code analysis on C / C++ code
[1.055s] -- Configured cppcheck include dirs: 
[1.055s] -- Configured cppcheck exclude dirs and/or files: 
[1.056s] -- Added test 'lint_cmake' to check CMake code style
[1.057s] -- Added test 'uncrustify' to check C / C++ code style
[1.057s] -- Configured uncrustify additional arguments: 
[1.058s] -- Added test 'xmllint' to check XML markup files
[1.069s] -- Configuring done
[1.091s] -- Generating done
[1.093s] -- Build files have been written to: /home/raurus/Documents/Magang_Banyu/ros2/build/controller
[1.099s] Invoked command in '/home/raurus/Documents/Magang_Banyu/ros2/build/controller' returned '0': CMAKE_PREFIX_PATH=${CMAKE_PREFIX_PATH}:/opt/ros/humble /usr/bin/cmake /home/raurus/Documents/Magang_Banyu/ros2/src/controller -DCMAKE_INSTALL_PREFIX=/home/raurus/Documents/Magang_Banyu/ros2/install/controller
[1.101s] Invoking command in '/home/raurus/Documents/Magang_Banyu/ros2/build/controller': CMAKE_PREFIX_PATH=${CMAKE_PREFIX_PATH}:/opt/ros/humble /usr/bin/cmake --build /home/raurus/Documents/Magang_Banyu/ros2/build/controller -- -j4 -l4
[1.133s] [  3%] [34m[1mGenerating C code for ROS interfaces[0m
[1.146s] [  6%] [34m[1mGenerating C++ code for ROS interfaces[0m
[1.147s] [  6%] Built target ament_cmake_python_copy_controller
[1.154s] [  9%] [32mBuilding CXX object CMakeFiles/pub_controller.dir/src/publisher_controller_function.cpp.o[0m
[1.189s] [01m[K/home/raurus/Documents/Magang_Banyu/ros2/src/controller/src/publisher_controller_function.cpp:4:10:[m[K [01;31m[Kfatal error: [m[Krclcpp/rclcpp.hpp: No such file or directory
[1.189s]     4 | #include [01;31m[K"rclcpp/rclcpp.hpp"[m[K
[1.189s]       |          [01;31m[K^~~~~~~~~~~~~~~~~~~[m[K
[1.189s] compilation terminated.
[1.191s] gmake[2]: *** [CMakeFiles/pub_controller.dir/build.make:76: CMakeFiles/pub_controller.dir/src/publisher_controller_function.cpp.o] Error 1
[1.191s] gmake[1]: *** [CMakeFiles/Makefile2:592: CMakeFiles/pub_controller.dir/all] Error 2
[1.191s] gmake[1]: *** Waiting for unfinished jobs....
[1.321s] running egg_info
[1.321s] creating controller.egg-info
[1.321s] writing controller.egg-info/PKG-INFO
[1.322s] writing dependency_links to controller.egg-info/dependency_links.txt
[1.322s] writing top-level names to controller.egg-info/top_level.txt
[1.322s] writing manifest file 'controller.egg-info/SOURCES.txt'
[1.324s] reading manifest file 'controller.egg-info/SOURCES.txt'
[1.324s] writing manifest file 'controller.egg-info/SOURCES.txt'
[1.328s] [  9%] Built target controller__cpp
[1.346s] [  9%] Built target ament_cmake_python_build_controller_egg
[1.347s] [ 12%] [32mBuilding C object CMakeFiles/controller__rosidl_generator_c.dir/rosidl_generator_c/controller/msg/detail/motion__functions.c.o[0m
[1.410s] [ 15%] [32m[1mLinking C shared library libcontroller__rosidl_generator_c.so[0m
[1.443s] [ 15%] Built target controller__rosidl_generator_c
[1.445s] gmake: *** [Makefile:146: all] Error 2
[1.447s] Invoked command in '/home/raurus/Documents/Magang_Banyu/ros2/build/controller' returned '2': CMAKE_PREFIX_PATH=${CMAKE_PREFIX_PATH}:/opt/ros/humble /usr/bin/cmake --build /home/raurus/Documents/Magang_Banyu/ros2/build/controller -- -j4 -l4
