[  9%] Built target controller__rosidl_generator_c
[ 12%] Built target controller__cpp
[ 12%] Built target ament_cmake_python_copy_controller
[ 21%] Built target controller__rosidl_typesupport_fastrtps_c
[ 30%] Built target controller__rosidl_typesupport_introspection_c
[ 39%] Built target controller__rosidl_typesupport_c
[ 48%] Built target controller__rosidl_typesupport_introspection_cpp
[ 57%] Built target controller__rosidl_typesupport_cpp
[ 66%] Built target controller__rosidl_typesupport_fastrtps_cpp
[35m[1mConsolidate compiler generated dependencies of target pub_controller[0m
[ 69%] [32mBuilding CXX object CMakeFiles/pub_controller.dir/src/publisher_controller_function.cpp.o[0m
[ 69%] Built target controller
[ 72%] Built target controller__py
[ 78%] Built target controller__rosidl_generator_py
[ 84%] Built target controller__rosidl_typesupport_fastrtps_c__pyext
[ 90%] Built target controller__rosidl_typesupport_introspection_c__pyext
[ 96%] Built target controller__rosidl_typesupport_c__pyext
running egg_info
writing controller.egg-info/PKG-INFO
writing dependency_links to controller.egg-info/dependency_links.txt
writing top-level names to controller.egg-info/top_level.txt
reading manifest file 'controller.egg-info/SOURCES.txt'
writing manifest file 'controller.egg-info/SOURCES.txt'
[ 96%] Built target ament_cmake_python_build_controller_egg
[01m[K/home/raurus/Documents/Magang_Banyu/ros2/src/controller/src/publisher_controller_function.cpp:26:1:[m[K [01;31m[Kerror: [m[Kmultiple types in one declaration
   26 | [01;31m[Kenum[m[K Axes{
      | [01;31m[K^~~~[m[K
gmake[2]: *** [CMakeFiles/pub_controller.dir/build.make:76: CMakeFiles/pub_controller.dir/src/publisher_controller_function.cpp.o] Error 1
gmake[1]: *** [CMakeFiles/Makefile2:593: CMakeFiles/pub_controller.dir/all] Error 2
gmake: *** [Makefile:146: all] Error 2
