[0.034s] Invoking command in '/home/raurus/Documents/Magang_Banyu/ros2/build/controller': CMAKE_PREFIX_PATH=${CMAKE_PREFIX_PATH}:/opt/ros/humble /usr/bin/cmake --build /home/raurus/Documents/Magang_Banyu/ros2/build/controller -- -j4 -l4
[0.086s] [  9%] Built target controller__rosidl_generator_c
[0.087s] [ 12%] Built target controller__cpp
[0.095s] [ 12%] Built target ament_cmake_python_copy_controller
[0.105s] [ 21%] Built target controller__rosidl_typesupport_fastrtps_c
[0.106s] [ 30%] Built target controller__rosidl_typesupport_introspection_c
[0.108s] [ 39%] Built target controller__rosidl_typesupport_c
[0.119s] [ 48%] Built target controller__rosidl_typesupport_introspection_cpp
[0.129s] [ 57%] Built target controller__rosidl_typesupport_cpp
[0.137s] [ 66%] Built target controller__rosidl_typesupport_fastrtps_cpp
[0.140s] [35m[1mConsolidate compiler generated dependencies of target pub_controller[0m
[0.156s] [ 69%] [32mBuilding CXX object CMakeFiles/pub_controller.dir/src/publisher_controller_function.cpp.o[0m
[0.163s] [ 69%] Built target controller
[0.192s] [ 72%] Built target controller__py
[0.213s] [ 78%] Built target controller__rosidl_generator_py
[0.237s] [ 84%] Built target controller__rosidl_typesupport_fastrtps_c__pyext
[0.260s] [ 90%] Built target controller__rosidl_typesupport_introspection_c__pyext
[0.267s] [ 96%] Built target controller__rosidl_typesupport_c__pyext
[0.326s] running egg_info
[0.326s] writing controller.egg-info/PKG-INFO
[0.327s] writing dependency_links to controller.egg-info/dependency_links.txt
[0.327s] writing top-level names to controller.egg-info/top_level.txt
[0.328s] reading manifest file 'controller.egg-info/SOURCES.txt'
[0.328s] writing manifest file 'controller.egg-info/SOURCES.txt'
[0.348s] [ 96%] Built target ament_cmake_python_build_controller_egg
[1.601s] [01m[K/home/raurus/Documents/Magang_Banyu/ros2/src/controller/src/publisher_controller_function.cpp:26:1:[m[K [01;31m[Kerror: [m[Kmultiple types in one declaration
[1.601s]    26 | [01;31m[Kenum[m[K Axes{
[1.601s]       | [01;31m[K^~~~[m[K
[3.084s] gmake[2]: *** [CMakeFiles/pub_controller.dir/build.make:76: CMakeFiles/pub_controller.dir/src/publisher_controller_function.cpp.o] Error 1
[3.084s] gmake[1]: *** [CMakeFiles/Makefile2:593: CMakeFiles/pub_controller.dir/all] Error 2
[3.084s] gmake: *** [Makefile:146: all] Error 2
[3.088s] Invoked command in '/home/raurus/Documents/Magang_Banyu/ros2/build/controller' returned '2': CMAKE_PREFIX_PATH=${CMAKE_PREFIX_PATH}:/opt/ros/humble /usr/bin/cmake --build /home/raurus/Documents/Magang_Banyu/ros2/build/controller -- -j4 -l4
