[0.000000] (-) TimerEvent: {}
[0.000112] (controller) JobQueued: {'identifier': 'controller', 'dependencies': OrderedDict()}
[0.000132] (controller) JobStarted: {'identifier': 'controller'}
[0.035467] (controller) JobProgress: {'identifier': 'controller', 'progress': 'cmake'}
[0.036035] (controller) JobProgress: {'identifier': 'controller', 'progress': 'build'}
[0.036595] (controller) Command: {'cmd': ['/usr/bin/cmake', '--build', '/home/raurus/Documents/Magang_Banyu/ros2/build/controller', '--', '-j4', '-l4'], 'cwd': '/home/raurus/Documents/Magang_Banyu/ros2/build/controller', 'env': OrderedDict([('LESSOPEN', '| /usr/bin/lesspipe %s'), ('USER', 'raurus'), ('XDG_SESSION_TYPE', 'wayland'), ('SHLVL', '1'), ('LD_LIBRARY_PATH', '/opt/ros/humble/opt/rviz_ogre_vendor/lib:/opt/ros/humble/lib/aarch64-linux-gnu:/opt/ros/humble/lib'), ('HOME', '/home/raurus'), ('OLDPWD', '/home/raurus/Documents/Magang_Banyu/ros2/src/controller'), ('DESKTOP_SESSION', 'ubuntu'), ('ROS_PYTHON_VERSION', '3'), ('GNOME_SHELL_SESSION_MODE', 'ubuntu'), ('GTK_MODULES', 'gail:atk-bridge'), ('SYSTEMD_EXEC_PID', '1907'), ('DBUS_SESSION_BUS_ADDRESS', 'unix:path=/run/user/1000/bus'), ('COLORTERM', 'truecolor'), ('IM_CONFIG_PHASE', '1'), ('WAYLAND_DISPLAY', 'wayland-0'), ('COLCON_PREFIX_PATH', '/home/raurus/Documents/ros2/install'), ('ROS_DISTRO', 'humble'), ('LOGNAME', 'raurus'), ('_', '/usr/bin/colcon'), ('ROS_VERSION', '2'), ('XDG_SESSION_CLASS', 'user'), ('USERNAME', 'raurus'), ('TERM', 'xterm-256color'), ('GNOME_DESKTOP_SESSION_ID', 'this-is-deprecated'), ('ROS_LOCALHOST_ONLY', '0'), ('PATH', '/opt/ros/humble/bin:/usr/local/sbin:/usr/local/bin:/usr/sbin:/usr/bin:/sbin:/bin:/usr/games:/usr/local/games:/snap/bin:/snap/bin'), ('SESSION_MANAGER', 'local/raurus-ubuntu:@/tmp/.ICE-unix/1875,unix/raurus-ubuntu:/tmp/.ICE-unix/1875'), ('XDG_MENU_PREFIX', 'gnome-'), ('GNOME_TERMINAL_SCREEN', '/org/gnome/Terminal/screen/00bea81c_bf5c_41b2_b5e1_8cec83ed1dd9'), ('GNOME_SETUP_DISPLAY', ':1'), ('XDG_RUNTIME_DIR', '/run/user/1000'), ('DISPLAY', ':0'), ('LANG', 'en_US.UTF-8'), ('XDG_CURRENT_DESKTOP', 'ubuntu:GNOME'), ('XMODIFIERS', '@im=ibus'), ('XDG_SESSION_DESKTOP', 'ubuntu'), ('XAUTHORITY', '/run/user/1000/.mutter-Xwaylandauth.5U8DI2'), ('LS_COLORS', 'rs=0:di=01;34:ln=01;36:mh=00:pi=40;33:so=01;35:do=01;35:bd=40;33;01:cd=40;33;01:or=40;31;01:mi=00:su=37;41:sg=30;43:ca=30;41:tw=30;42:ow=34;42:st=37;44:ex=01;32:*.tar=01;31:*.tgz=01;31:*.arc=01;31:*.arj=01;31:*.taz=01;31:*.lha=01;31:*.lz4=01;31:*.lzh=01;31:*.lzma=01;31:*.tlz=01;31:*.txz=01;31:*.tzo=01;31:*.t7z=01;31:*.zip=01;31:*.z=01;31:*.dz=01;31:*.gz=01;31:*.lrz=01;31:*.lz=01;31:*.lzo=01;31:*.xz=01;31:*.zst=01;31:*.tzst=01;31:*.bz2=01;31:*.bz=01;31:*.tbz=01;31:*.tbz2=01;31:*.tz=01;31:*.deb=01;31:*.rpm=01;31:*.jar=01;31:*.war=01;31:*.ear=01;31:*.sar=01;31:*.rar=01;31:*.alz=01;31:*.ace=01;31:*.zoo=01;31:*.cpio=01;31:*.7z=01;31:*.rz=01;31:*.cab=01;31:*.wim=01;31:*.swm=01;31:*.dwm=01;31:*.esd=01;31:*.jpg=01;35:*.jpeg=01;35:*.mjpg=01;35:*.mjpeg=01;35:*.gif=01;35:*.bmp=01;35:*.pbm=01;35:*.pgm=01;35:*.ppm=01;35:*.tga=01;35:*.xbm=01;35:*.xpm=01;35:*.tif=01;35:*.tiff=01;35:*.png=01;35:*.svg=01;35:*.svgz=01;35:*.mng=01;35:*.pcx=01;35:*.mov=01;35:*.mpg=01;35:*.mpeg=01;35:*.m2v=01;35:*.mkv=01;35:*.webm=01;35:*.webp=01;35:*.ogm=01;35:*.mp4=01;35:*.m4v=01;35:*.mp4v=01;35:*.vob=01;35:*.qt=01;35:*.nuv=01;35:*.wmv=01;35:*.asf=01;35:*.rm=01;35:*.rmvb=01;35:*.flc=01;35:*.avi=01;35:*.fli=01;35:*.flv=01;35:*.gl=01;35:*.dl=01;35:*.xcf=01;35:*.xwd=01;35:*.yuv=01;35:*.cgm=01;35:*.emf=01;35:*.ogv=01;35:*.ogx=01;35:*.aac=00;36:*.au=00;36:*.flac=00;36:*.m4a=00;36:*.mid=00;36:*.midi=00;36:*.mka=00;36:*.mp3=00;36:*.mpc=00;36:*.ogg=00;36:*.ra=00;36:*.wav=00;36:*.oga=00;36:*.opus=00;36:*.spx=00;36:*.xspf=00;36:'), ('GNOME_TERMINAL_SERVICE', ':1.152'), ('SSH_AGENT_LAUNCHER', 'gnome-keyring'), ('SSH_AUTH_SOCK', '/run/user/1000/keyring/ssh'), ('AMENT_PREFIX_PATH', '/home/raurus/Documents/ros2/install/cpp_pubsub:/opt/ros/humble'), ('SHELL', '/bin/bash'), ('QT_ACCESSIBILITY', '1'), ('GDMSESSION', 'ubuntu'), ('LESSCLOSE', '/usr/bin/lesspipe %s %s'), ('QT_IM_MODULE', 'ibus'), ('PWD', '/home/raurus/Documents/Magang_Banyu/ros2/build/controller'), ('LC_ALL', 'en_US.UTF-8'), ('XDG_CONFIG_DIRS', '/etc/xdg/xdg-ubuntu:/etc/xdg'), ('XDG_DATA_DIRS', '/usr/share/ubuntu:/usr/local/share/:/usr/share/:/var/lib/snapd/desktop'), ('PYTHONPATH', '/opt/ros/humble/lib/python3.10/site-packages:/opt/ros/humble/local/lib/python3.10/dist-packages'), ('COLCON', '1'), ('VTE_VERSION', '6800'), ('CMAKE_PREFIX_PATH', '/home/raurus/Documents/ros2/install/cpp_pubsub:/opt/ros/humble')]), 'shell': False}
[0.081920] (controller) StdoutLine: {'line': b'[  3%] Built target controller__cpp\n'}
[0.082341] (controller) StdoutLine: {'line': b'[ 12%] Built target controller__rosidl_generator_c\n'}
[0.090855] (controller) StdoutLine: {'line': b'[ 12%] Built target ament_cmake_python_copy_controller\n'}
[0.099136] (-) TimerEvent: {}
[0.099771] (controller) StdoutLine: {'line': b'[ 21%] Built target controller__rosidl_typesupport_introspection_cpp\n'}
[0.101275] (controller) StdoutLine: {'line': b'[ 30%] Built target controller__rosidl_typesupport_cpp\n'}
[0.101865] (controller) StdoutLine: {'line': b'[ 39%] Built target controller__rosidl_typesupport_fastrtps_cpp\n'}
[0.109007] (controller) StdoutLine: {'line': b'[ 48%] Built target controller__rosidl_typesupport_fastrtps_c\n'}
[0.118783] (controller) StdoutLine: {'line': b'[ 57%] Built target controller__rosidl_typesupport_introspection_c\n'}
[0.121745] (controller) StdoutLine: {'line': b'[ 66%] Built target controller__rosidl_typesupport_c\n'}
[0.130340] (controller) StdoutLine: {'line': b'\x1b[35m\x1b[1mConsolidate compiler generated dependencies of target pub_controller\x1b[0m\n'}
[0.141661] (controller) StdoutLine: {'line': b'[ 66%] Built target controller\n'}
[0.163477] (controller) StdoutLine: {'line': b'[ 72%] Built target controller__py\n'}
[0.163730] (controller) StdoutLine: {'line': b'[ 72%] \x1b[32mBuilding CXX object CMakeFiles/pub_controller.dir/src/publisher_controller_function.cpp.o\x1b[0m\n'}
[0.184719] (controller) StdoutLine: {'line': b'[ 78%] Built target controller__rosidl_generator_py\n'}
[0.199312] (-) TimerEvent: {}
[0.204682] (controller) StdoutLine: {'line': b'[ 84%] Built target controller__rosidl_typesupport_fastrtps_c__pyext\n'}
[0.211595] (controller) StdoutLine: {'line': b'[ 90%] Built target controller__rosidl_typesupport_introspection_c__pyext\n'}
[0.223103] (controller) StdoutLine: {'line': b'[ 96%] Built target controller__rosidl_typesupport_c__pyext\n'}
[0.268440] (controller) StdoutLine: {'line': b'running egg_info\n'}
[0.269125] (controller) StdoutLine: {'line': b'writing controller.egg-info/PKG-INFO\n'}
[0.269424] (controller) StdoutLine: {'line': b'writing dependency_links to controller.egg-info/dependency_links.txt\n'}
[0.269602] (controller) StdoutLine: {'line': b'writing top-level names to controller.egg-info/top_level.txt\n'}
[0.270983] (controller) StdoutLine: {'line': b"reading manifest file 'controller.egg-info/SOURCES.txt'\n"}
[0.271517] (controller) StdoutLine: {'line': b"writing manifest file 'controller.egg-info/SOURCES.txt'\n"}
[0.290572] (controller) StdoutLine: {'line': b'[ 96%] Built target ament_cmake_python_build_controller_egg\n'}
[0.299425] (-) TimerEvent: {}
[0.400972] (-) TimerEvent: {}
[0.501396] (-) TimerEvent: {}
[0.601713] (-) TimerEvent: {}
[0.702006] (-) TimerEvent: {}
[0.804507] (-) TimerEvent: {}
[0.906149] (-) TimerEvent: {}
[1.006437] (-) TimerEvent: {}
[1.108269] (-) TimerEvent: {}
[1.208550] (-) TimerEvent: {}
[1.310548] (-) TimerEvent: {}
[1.411537] (-) TimerEvent: {}
[1.439611] (controller) StderrLine: {'line': b'\x1b[01m\x1b[K/home/raurus/Documents/Magang_Banyu/ros2/src/controller/src/publisher_controller_function.cpp:10:36:\x1b[m\x1b[K \x1b[01;31m\x1b[Kerror: \x1b[m\x1b[K\xe2\x80\x98\x1b[01m\x1b[K_1\x1b[m\x1b[K\xe2\x80\x99 is not a namespace-name\n'}
[1.439789] (controller) StderrLine: {'line': b'   10 | using namespace std::placeholders::\x1b[01;31m\x1b[K_1\x1b[m\x1b[K;\n'}
[1.439839] (controller) StderrLine: {'line': b'      |                                    \x1b[01;31m\x1b[K^~\x1b[m\x1b[K\n'}
[1.465785] (controller) StderrLine: {'line': b'\x1b[01m\x1b[K/home/raurus/Documents/Magang_Banyu/ros2/src/controller/src/publisher_controller_function.cpp:\x1b[m\x1b[K In constructor \xe2\x80\x98\x1b[01m\x1b[KController::Controller()\x1b[m\x1b[K\xe2\x80\x99:\n'}
[1.465959] (controller) StderrLine: {'line': b'\x1b[01m\x1b[K/home/raurus/Documents/Magang_Banyu/ros2/src/controller/src/publisher_controller_function.cpp:44:124:\x1b[m\x1b[K \x1b[01;31m\x1b[Kerror: \x1b[m\x1b[K\xe2\x80\x98\x1b[01m\x1b[K_1\x1b[m\x1b[K\xe2\x80\x99 was not declared in this scope; did you mean \xe2\x80\x98\x1b[01m\x1b[Kstd::placeholders::_1\x1b[m\x1b[K\xe2\x80\x99?\n'}
[1.466011] (controller) StderrLine: {'line': b'   44 |     subscriber_ = this->create_subscription<sensor_msgs::msg::Joy>("joy", 10, std::bind(&Controller::topic_callback, this, \x1b[01;31m\x1b[K_1\x1b[m\x1b[K));\n'}
[1.466055] (controller) StderrLine: {'line': b'      |                                                                                                                            \x1b[01;31m\x1b[K^~\x1b[m\x1b[K\n'}
[1.466092] (controller) StderrLine: {'line': b'      |                                                                                                                            \x1b[32m\x1b[Kstd::placeholders::_1\x1b[m\x1b[K\n'}
[1.466134] (controller) StderrLine: {'line': b'In file included from \x1b[01m\x1b[K/usr/include/c++/11/pstl/glue_algorithm_defs.h:13\x1b[m\x1b[K,\n'}
[1.466170] (controller) StderrLine: {'line': b'                 from \x1b[01m\x1b[K/usr/include/c++/11/algorithm:74\x1b[m\x1b[K,\n'}
[1.466210] (controller) StderrLine: {'line': b'                 from \x1b[01m\x1b[K/opt/ros/humble/include/rclcpp/rclcpp/executor.hpp:18\x1b[m\x1b[K,\n'}
[1.466246] (controller) StderrLine: {'line': b'                 from \x1b[01m\x1b[K/opt/ros/humble/include/rclcpp/rclcpp/executors/multi_threaded_executor.hpp:25\x1b[m\x1b[K,\n'}
[1.466286] (controller) StderrLine: {'line': b'                 from \x1b[01m\x1b[K/opt/ros/humble/include/rclcpp/rclcpp/executors.hpp:21\x1b[m\x1b[K,\n'}
[1.466326] (controller) StderrLine: {'line': b'                 from \x1b[01m\x1b[K/opt/ros/humble/include/rclcpp/rclcpp/rclcpp.hpp:155\x1b[m\x1b[K,\n'}
[1.466362] (controller) StderrLine: {'line': b'                 from \x1b[01m\x1b[K/home/raurus/Documents/Magang_Banyu/ros2/src/controller/src/publisher_controller_function.cpp:6\x1b[m\x1b[K:\n'}
[1.466408] (controller) StderrLine: {'line': b'\x1b[01m\x1b[K/usr/include/c++/11/functional:225:34:\x1b[m\x1b[K \x1b[01;36m\x1b[Knote: \x1b[m\x1b[K\xe2\x80\x98\x1b[01m\x1b[Kstd::placeholders::_1\x1b[m\x1b[K\xe2\x80\x99 declared here\n'}
[1.466447] (controller) StderrLine: {'line': b'  225 |     extern const _Placeholder<1> \x1b[01;36m\x1b[K_1\x1b[m\x1b[K;\n'}
[1.466483] (controller) StderrLine: {'line': b'      |                                  \x1b[01;36m\x1b[K^~\x1b[m\x1b[K\n'}
[1.466603] (controller) StderrLine: {'line': b'\x1b[01m\x1b[K/home/raurus/Documents/Magang_Banyu/ros2/src/controller/src/publisher_controller_function.cpp:\x1b[m\x1b[K At global scope:\n'}
[1.466647] (controller) StderrLine: {'line': b'\x1b[01m\x1b[K/home/raurus/Documents/Magang_Banyu/ros2/src/controller/src/publisher_controller_function.cpp:26:1:\x1b[m\x1b[K \x1b[01;31m\x1b[Kerror: \x1b[m\x1b[Kmultiple types in one declaration\n'}
[1.466684] (controller) StderrLine: {'line': b'   26 | \x1b[01;31m\x1b[Kenum\x1b[m\x1b[K Axes{\n'}
[1.466722] (controller) StderrLine: {'line': b'      | \x1b[01;31m\x1b[K^~~~\x1b[m\x1b[K\n'}
[1.513648] (-) TimerEvent: {}
[1.614534] (-) TimerEvent: {}
[1.714827] (-) TimerEvent: {}
[1.815147] (-) TimerEvent: {}
[1.915882] (-) TimerEvent: {}
[1.947338] (controller) StderrLine: {'line': b'gmake[2]: *** [CMakeFiles/pub_controller.dir/build.make:76: CMakeFiles/pub_controller.dir/src/publisher_controller_function.cpp.o] Error 1\n'}
[1.947567] (controller) StderrLine: {'line': b'gmake[1]: *** [CMakeFiles/Makefile2:593: CMakeFiles/pub_controller.dir/all] Error 2\n'}
[1.947703] (controller) StderrLine: {'line': b'gmake: *** [Makefile:146: all] Error 2\n'}
[1.949602] (controller) CommandEnded: {'returncode': 2}
[2.016354] (-) TimerEvent: {}
[2.029626] (controller) JobEnded: {'identifier': 'controller', 'rc': 2}
[2.040450] (-) EventReactorShutdown: {}
