[0.034s] Invoking command in '/home/raurus/Documents/Magang_Banyu/ros2/build/controller': CMAKE_PREFIX_PATH=${CMAKE_PREFIX_PATH}:/opt/ros/humble /usr/bin/cmake --build /home/raurus/Documents/Magang_Banyu/ros2/build/controller -- -j4 -l4
[0.091s] [  3%] Built target controller__cpp
[0.096s] [ 12%] Built target controller__rosidl_generator_c
[0.111s] [ 12%] Built target ament_cmake_python_copy_controller
[0.121s] [ 27%] Built target controller__rosidl_typesupport_introspection_cpp
[0.122s] [ 33%] Built target controller__rosidl_typesupport_cpp
[0.123s] [ 39%] Built target controller__rosidl_typesupport_fastrtps_cpp
[0.137s] [ 48%] Built target controller__rosidl_typesupport_fastrtps_c
[0.149s] [ 57%] Built target controller__rosidl_typesupport_introspection_c
[0.151s] [ 66%] Built target controller__rosidl_typesupport_c
[0.151s] [35m[1mConsolidate compiler generated dependencies of target pub_controller[0m
[0.168s] [ 69%] [32mBuilding CXX object CMakeFiles/pub_controller.dir/src/publisher_controller_function.cpp.o[0m
[0.169s] [ 69%] Built target controller
[0.193s] [ 72%] Built target controller__py
[0.203s] [35m[1mConsolidate compiler generated dependencies of target controller__rosidl_generator_py[0m
[0.214s] [ 78%] Built target controller__rosidl_generator_py
[0.226s] [35m[1mConsolidate compiler generated dependencies of target controller__rosidl_typesupport_fastrtps_c__pyext[0m
[0.239s] [35m[1mConsolidate compiler generated dependencies of target controller__rosidl_typesupport_introspection_c__pyext[0m
[0.253s] [ 84%] Built target controller__rosidl_typesupport_fastrtps_c__pyext
[0.256s] [ 90%] Built target controller__rosidl_typesupport_introspection_c__pyext
[0.263s] [35m[1mConsolidate compiler generated dependencies of target controller__rosidl_typesupport_c__pyext[0m
[0.275s] [ 96%] Built target controller__rosidl_typesupport_c__pyext
[0.293s] running egg_info
[0.293s] writing controller.egg-info/PKG-INFO
[0.293s] writing dependency_links to controller.egg-info/dependency_links.txt
[0.294s] writing top-level names to controller.egg-info/top_level.txt
[0.295s] reading manifest file 'controller.egg-info/SOURCES.txt'
[0.295s] writing manifest file 'controller.egg-info/SOURCES.txt'
[0.315s] [ 96%] Built target ament_cmake_python_build_controller_egg
[1.738s] [01m[K/home/raurus/Documents/Magang_Banyu/ros2/src/controller/src/publisher_controller_function.cpp:9:36:[m[K [01;31m[Kerror: [m[Kâ€˜[01m[K_1[m[Kâ€™ is not a namespace-name
[1.738s]     9 | using namespace std::placeholders::[01;31m[K_1[m[K;
[1.738s]       |                                    [01;31m[K^~[m[K
[1.772s] [01m[K/home/raurus/Documents/Magang_Banyu/ros2/src/controller/src/publisher_controller_function.cpp:[m[K In constructor â€˜[01m[KController::Controller()[m[Kâ€™:
[1.772s] [01m[K/home/raurus/Documents/Magang_Banyu/ros2/src/controller/src/publisher_controller_function.cpp:43:124:[m[K [01;31m[Kerror: [m[Kâ€˜[01m[K_1[m[Kâ€™ was not declared in this scope; did you mean â€˜[01m[Kstd::placeholders::_1[m[Kâ€™?
[1.772s]    43 |     subscriber_ = this->create_subscription<sensor_msgs::msg::Joy>("joy", 10, std::bind(&Controller::topic_callback, this, [01;31m[K_1[m[K));
[1.772s]       |                                                                                                                            [01;31m[K^~[m[K
[1.772s]       |                                                                                                                            [32m[Kstd::placeholders::_1[m[K
[1.772s] In file included from [01m[K/usr/include/c++/11/pstl/glue_algorithm_defs.h:13[m[K,
[1.772s]                  from [01m[K/usr/include/c++/11/algorithm:74[m[K,
[1.772s]                  from [01m[K/opt/ros/humble/include/rclcpp/rclcpp/executor.hpp:18[m[K,
[1.772s]                  from [01m[K/opt/ros/humble/include/rclcpp/rclcpp/executors/multi_threaded_executor.hpp:25[m[K,
[1.772s]                  from [01m[K/opt/ros/humble/include/rclcpp/rclcpp/executors.hpp:21[m[K,
[1.772s]                  from [01m[K/opt/ros/humble/include/rclcpp/rclcpp/rclcpp.hpp:155[m[K,
[1.772s]                  from [01m[K/home/raurus/Documents/Magang_Banyu/ros2/src/controller/src/publisher_controller_function.cpp:5[m[K:
[1.772s] [01m[K/usr/include/c++/11/functional:225:34:[m[K [01;36m[Knote: [m[Kâ€˜[01m[Kstd::placeholders::_1[m[Kâ€™ declared here
[1.772s]   225 |     extern const _Placeholder<1> [01;36m[K_1[m[K;
[1.772s]       |                                  [01;36m[K^~[m[K
[1.772s] [01m[K/home/raurus/Documents/Magang_Banyu/ros2/src/controller/src/publisher_controller_function.cpp:[m[K At global scope:
[1.772s] [01m[K/home/raurus/Documents/Magang_Banyu/ros2/src/controller/src/publisher_controller_function.cpp:25:1:[m[K [01;31m[Kerror: [m[Kmultiple types in one declaration
[1.772s]    25 | [01;31m[Kenum[m[K Axes{
[1.772s]       | [01;31m[K^~~~[m[K
[2.314s] gmake[2]: *** [CMakeFiles/pub_controller.dir/build.make:76: CMakeFiles/pub_controller.dir/src/publisher_controller_function.cpp.o] Error 1
[2.314s] gmake[1]: *** [CMakeFiles/Makefile2:593: CMakeFiles/pub_controller.dir/all] Error 2
[2.314s] gmake: *** [Makefile:146: all] Error 2
[2.318s] Invoked command in '/home/raurus/Documents/Magang_Banyu/ros2/build/controller' returned '2': CMAKE_PREFIX_PATH=${CMAKE_PREFIX_PATH}:/opt/ros/humble /usr/bin/cmake --build /home/raurus/Documents/Magang_Banyu/ros2/build/controller -- -j4 -l4
