[0.038s] Invoking command in '/home/raurus/Documents/Magang_Banyu/ros2/build/controller': CMAKE_PREFIX_PATH=${CMAKE_PREFIX_PATH}:/opt/ros/humble /usr/bin/cmake --build /home/raurus/Documents/Magang_Banyu/ros2/build/controller -- -j4 -l4
[0.082s] [  3%] Built target controller__cpp
[0.082s] [ 12%] Built target controller__rosidl_generator_c
[0.091s] [ 12%] Built target ament_cmake_python_copy_controller
[0.100s] [ 21%] Built target controller__rosidl_typesupport_introspection_cpp
[0.101s] [ 30%] Built target controller__rosidl_typesupport_cpp
[0.102s] [ 39%] Built target controller__rosidl_typesupport_fastrtps_cpp
[0.109s] [ 48%] Built target controller__rosidl_typesupport_fastrtps_c
[0.119s] [ 57%] Built target controller__rosidl_typesupport_introspection_c
[0.122s] [ 66%] Built target controller__rosidl_typesupport_c
[0.130s] [35m[1mConsolidate compiler generated dependencies of target pub_controller[0m
[0.142s] [ 66%] Built target controller
[0.163s] [ 72%] Built target controller__py
[0.164s] [ 72%] [32mBuilding CXX object CMakeFiles/pub_controller.dir/src/publisher_controller_function.cpp.o[0m
[0.185s] [ 78%] Built target controller__rosidl_generator_py
[0.205s] [ 84%] Built target controller__rosidl_typesupport_fastrtps_c__pyext
[0.212s] [ 90%] Built target controller__rosidl_typesupport_introspection_c__pyext
[0.223s] [ 96%] Built target controller__rosidl_typesupport_c__pyext
[0.268s] running egg_info
[0.269s] writing controller.egg-info/PKG-INFO
[0.269s] writing dependency_links to controller.egg-info/dependency_links.txt
[0.269s] writing top-level names to controller.egg-info/top_level.txt
[0.271s] reading manifest file 'controller.egg-info/SOURCES.txt'
[0.271s] writing manifest file 'controller.egg-info/SOURCES.txt'
[0.291s] [ 96%] Built target ament_cmake_python_build_controller_egg
[1.440s] [01m[K/home/raurus/Documents/Magang_Banyu/ros2/src/controller/src/publisher_controller_function.cpp:10:36:[m[K [01;31m[Kerror: [m[Kâ€˜[01m[K_1[m[Kâ€™ is not a namespace-name
[1.440s]    10 | using namespace std::placeholders::[01;31m[K_1[m[K;
[1.440s]       |                                    [01;31m[K^~[m[K
[1.466s] [01m[K/home/raurus/Documents/Magang_Banyu/ros2/src/controller/src/publisher_controller_function.cpp:[m[K In constructor â€˜[01m[KController::Controller()[m[Kâ€™:
[1.466s] [01m[K/home/raurus/Documents/Magang_Banyu/ros2/src/controller/src/publisher_controller_function.cpp:44:124:[m[K [01;31m[Kerror: [m[Kâ€˜[01m[K_1[m[Kâ€™ was not declared in this scope; did you mean â€˜[01m[Kstd::placeholders::_1[m[Kâ€™?
[1.466s]    44 |     subscriber_ = this->create_subscription<sensor_msgs::msg::Joy>("joy", 10, std::bind(&Controller::topic_callback, this, [01;31m[K_1[m[K));
[1.466s]       |                                                                                                                            [01;31m[K^~[m[K
[1.466s]       |                                                                                                                            [32m[Kstd::placeholders::_1[m[K
[1.466s] In file included from [01m[K/usr/include/c++/11/pstl/glue_algorithm_defs.h:13[m[K,
[1.466s]                  from [01m[K/usr/include/c++/11/algorithm:74[m[K,
[1.466s]                  from [01m[K/opt/ros/humble/include/rclcpp/rclcpp/executor.hpp:18[m[K,
[1.466s]                  from [01m[K/opt/ros/humble/include/rclcpp/rclcpp/executors/multi_threaded_executor.hpp:25[m[K,
[1.466s]                  from [01m[K/opt/ros/humble/include/rclcpp/rclcpp/executors.hpp:21[m[K,
[1.466s]                  from [01m[K/opt/ros/humble/include/rclcpp/rclcpp/rclcpp.hpp:155[m[K,
[1.466s]                  from [01m[K/home/raurus/Documents/Magang_Banyu/ros2/src/controller/src/publisher_controller_function.cpp:6[m[K:
[1.466s] [01m[K/usr/include/c++/11/functional:225:34:[m[K [01;36m[Knote: [m[Kâ€˜[01m[Kstd::placeholders::_1[m[Kâ€™ declared here
[1.466s]   225 |     extern const _Placeholder<1> [01;36m[K_1[m[K;
[1.466s]       |                                  [01;36m[K^~[m[K
[1.466s] [01m[K/home/raurus/Documents/Magang_Banyu/ros2/src/controller/src/publisher_controller_function.cpp:[m[K At global scope:
[1.467s] [01m[K/home/raurus/Documents/Magang_Banyu/ros2/src/controller/src/publisher_controller_function.cpp:26:1:[m[K [01;31m[Kerror: [m[Kmultiple types in one declaration
[1.467s]    26 | [01;31m[Kenum[m[K Axes{
[1.467s]       | [01;31m[K^~~~[m[K
[1.947s] gmake[2]: *** [CMakeFiles/pub_controller.dir/build.make:76: CMakeFiles/pub_controller.dir/src/publisher_controller_function.cpp.o] Error 1
[1.948s] gmake[1]: *** [CMakeFiles/Makefile2:593: CMakeFiles/pub_controller.dir/all] Error 2
[1.948s] gmake: *** [Makefile:146: all] Error 2
[1.950s] Invoked command in '/home/raurus/Documents/Magang_Banyu/ros2/build/controller' returned '2': CMAKE_PREFIX_PATH=${CMAKE_PREFIX_PATH}:/opt/ros/humble /usr/bin/cmake --build /home/raurus/Documents/Magang_Banyu/ros2/build/controller -- -j4 -l4
