[  3%] Built target controller__cpp
[ 12%] Built target controller__rosidl_generator_c
[ 12%] Built target ament_cmake_python_copy_controller
[ 21%] Built target controller__rosidl_typesupport_introspection_c
[ 30%] Built target controller__rosidl_typesupport_fastrtps_c
[ 39%] Built target controller__rosidl_typesupport_fastrtps_cpp
[ 48%] Built target controller__rosidl_typesupport_c
[ 57%] Built target controller__rosidl_typesupport_introspection_cpp
[ 66%] Built target controller__rosidl_typesupport_cpp
[ 69%] [32mBuilding CXX object CMakeFiles/pub_controller.dir/src/publisher_controller_function.cpp.o[0m
[ 69%] Built target controller
[ 72%] Built target controller__py
[ 75%] [32mBuilding C object CMakeFiles/controller__rosidl_generator_py.dir/rosidl_generator_py/controller/msg/_motion_s.c.o[0m
running egg_info
writing controller.egg-info/PKG-INFO
writing dependency_links to controller.egg-info/dependency_links.txt
writing top-level names to controller.egg-info/top_level.txt
reading manifest file 'controller.egg-info/SOURCES.txt'
writing manifest file 'controller.egg-info/SOURCES.txt'
[ 75%] Built target ament_cmake_python_build_controller_egg
[ 78%] [32m[1mLinking C shared library rosidl_generator_py/controller/libcontroller__rosidl_generator_py.so[0m
[ 78%] Built target controller__rosidl_generator_py
[ 81%] [32mBuilding C object CMakeFiles/controller__rosidl_typesupport_c__pyext.dir/rosidl_generator_py/controller/_controller_s.ep.rosidl_typesupport_c.c.o[0m
[ 84%] [32mBuilding C object CMakeFiles/controller__rosidl_typesupport_introspection_c__pyext.dir/rosidl_generator_py/controller/_controller_s.ep.rosidl_typesupport_introspection_c.c.o[0m
[ 87%] [32mBuilding C object CMakeFiles/controller__rosidl_typesupport_fastrtps_c__pyext.dir/rosidl_generator_py/controller/_controller_s.ep.rosidl_typesupport_fastrtps_c.c.o[0m
[ 93%] [32m[1mLinking C shared library rosidl_generator_py/controller/controller_s__rosidl_typesupport_introspection_c.cpython-310-aarch64-linux-gnu.so[0m
[ 93%] [32m[1mLinking C shared library rosidl_generator_py/controller/controller_s__rosidl_typesupport_c.cpython-310-aarch64-linux-gnu.so[0m
[ 93%] Built target controller__rosidl_typesupport_introspection_c__pyext
[ 93%] Built target controller__rosidl_typesupport_c__pyext
[ 96%] [32m[1mLinking C shared library rosidl_generator_py/controller/controller_s__rosidl_typesupport_fastrtps_c.cpython-310-aarch64-linux-gnu.so[0m
[ 96%] Built target controller__rosidl_typesupport_fastrtps_c__pyext
[01m[K/home/raurus/Documents/Magang_Banyu/ros2/src/controller/src/publisher_controller_function.cpp:8:36:[m[K [01;31m[Kerror: [m[Kâ€˜[01m[K_1[m[Kâ€™ is not a namespace-name
    8 | using namespace std::placeholders::[01;31m[K_1[m[K;
      |                                    [01;31m[K^~[m[K
[01m[K/home/raurus/Documents/Magang_Banyu/ros2/src/controller/src/publisher_controller_function.cpp:58:42:[m[K [01;31m[Kerror: [m[Kâ€˜[01m[Kjoy[m[Kâ€™ is not a member of â€˜[01m[Ksensor_msgs::msg[m[Kâ€™; did you mean â€˜[01m[KJoy[m[Kâ€™?
   58 |   rclcpp::Subscription<sensor_msgs::msg::[01;31m[Kjoy[m[K>::SharedPtr subscriber_;
      |                                          [01;31m[K^~~[m[K
      |                                          [32m[KJoy[m[K
[01m[K/home/raurus/Documents/Magang_Banyu/ros2/src/controller/src/publisher_controller_function.cpp:58:45:[m[K [01;31m[Kerror: [m[Ktemplate argument 1 is invalid
   58 |   rclcpp::Subscription<sensor_msgs::msg::joy[01;31m[K>[m[K::SharedPtr subscriber_;
      |                                             [01;31m[K^[m[K
[01m[K/home/raurus/Documents/Magang_Banyu/ros2/src/controller/src/publisher_controller_function.cpp:58:45:[m[K [01;31m[Kerror: [m[Ktemplate argument 3 is invalid
[01m[K/home/raurus/Documents/Magang_Banyu/ros2/src/controller/src/publisher_controller_function.cpp:58:45:[m[K [01;31m[Kerror: [m[Ktemplate argument 4 is invalid
[01m[K/home/raurus/Documents/Magang_Banyu/ros2/src/controller/src/publisher_controller_function.cpp:58:45:[m[K [01;31m[Kerror: [m[Ktemplate argument 5 is invalid
[01m[K/home/raurus/Documents/Magang_Banyu/ros2/src/controller/src/publisher_controller_function.cpp:58:48:[m[K [01;31m[Kerror: [m[Kexpected â€˜[01m[K;[m[Kâ€™ at end of member declaration
   58 |   rclcpp::Subscription<sensor_msgs::msg::joy>::[01;31m[KSharedPtr[m[K subscriber_;
      |                                                [01;31m[K^~~~~~~~~[m[K
      |                                                         [32m[K;[m[K
[01m[K/home/raurus/Documents/Magang_Banyu/ros2/src/controller/src/publisher_controller_function.cpp:58:58:[m[K [01;31m[Kerror: [m[Kâ€˜[01m[Ksubscriber_[m[Kâ€™ does not name a type
   58 |   rclcpp::Subscription<sensor_msgs::msg::joy>::SharedPtr [01;31m[Ksubscriber_[m[K;
      |                                                          [01;31m[K^~~~~~~~~~~[m[K
[01m[K/home/raurus/Documents/Magang_Banyu/ros2/src/controller/src/publisher_controller_function.cpp:[m[K In constructor â€˜[01m[KController::Controller()[m[Kâ€™:
[01m[K/home/raurus/Documents/Magang_Banyu/ros2/src/controller/src/publisher_controller_function.cpp:42:5:[m[K [01;31m[Kerror: [m[Kâ€˜[01m[Ksubscriber_[m[Kâ€™ was not declared in this scope
   42 |     [01;31m[Ksubscriber_[m[K = this->create_subscription<sensor_msgs::msg::Joy>("joy", 10, std::bind(&Controller::topic_callback, this, _1));
      |     [01;31m[K^~~~~~~~~~~[m[K
[01m[K/home/raurus/Documents/Magang_Banyu/ros2/src/controller/src/publisher_controller_function.cpp:42:124:[m[K [01;31m[Kerror: [m[Kâ€˜[01m[K_1[m[Kâ€™ was not declared in this scope; did you mean â€˜[01m[Kstd::placeholders::_1[m[Kâ€™?
   42 |     subscriber_ = this->create_subscription<sensor_msgs::msg::Joy>("joy", 10, std::bind(&Controller::topic_callback, this, [01;31m[K_1[m[K));
      |                                                                                                                            [01;31m[K^~[m[K
      |                                                                                                                            [32m[Kstd::placeholders::_1[m[K
In file included from [01m[K/usr/include/c++/11/pstl/glue_algorithm_defs.h:13[m[K,
                 from [01m[K/usr/include/c++/11/algorithm:74[m[K,
                 from [01m[K/opt/ros/humble/include/rclcpp/rclcpp/executor.hpp:18[m[K,
                 from [01m[K/opt/ros/humble/include/rclcpp/rclcpp/executors/multi_threaded_executor.hpp:25[m[K,
                 from [01m[K/opt/ros/humble/include/rclcpp/rclcpp/executors.hpp:21[m[K,
                 from [01m[K/opt/ros/humble/include/rclcpp/rclcpp/rclcpp.hpp:155[m[K,
                 from [01m[K/home/raurus/Documents/Magang_Banyu/ros2/src/controller/src/publisher_controller_function.cpp:4[m[K:
[01m[K/usr/include/c++/11/functional:225:34:[m[K [01;36m[Knote: [m[Kâ€˜[01m[Kstd::placeholders::_1[m[Kâ€™ declared here
  225 |     extern const _Placeholder<1> [01;36m[K_1[m[K;
      |                                  [01;36m[K^~[m[K
[01m[K/home/raurus/Documents/Magang_Banyu/ros2/src/controller/src/publisher_controller_function.cpp:[m[K At global scope:
[01m[K/home/raurus/Documents/Magang_Banyu/ros2/src/controller/src/publisher_controller_function.cpp:24:1:[m[K [01;31m[Kerror: [m[Kmultiple types in one declaration
   24 | [01;31m[Kenum[m[K Axes{
      | [01;31m[K^~~~[m[K
gmake[2]: *** [CMakeFiles/pub_controller.dir/build.make:76: CMakeFiles/pub_controller.dir/src/publisher_controller_function.cpp.o] Error 1
gmake[1]: *** [CMakeFiles/Makefile2:593: CMakeFiles/pub_controller.dir/all] Error 2
gmake: *** [Makefile:146: all] Error 2
